<?xml version="1.0" encoding="UTF-8"?>
<!-- Generated by org.testng.reporters.JUnitXMLReporter -->
<testsuite ignored="0" hostname="Harikrishna" failures="0" tests="3" name="Default test" time="7.565" errors="0" timestamp="2025-02-20T19:45:57 IST">
  <testcase classname="api.test.BookerNegativeTests1" name="testNegativeScenarios" time="4.674"/>
  <testcase classname="api.test.BookerNegativeTests1" name="testNegativeScenarios" time="1.367"/>
  <testcase classname="api.test.BookerNegativeTests1" name="testNegativeScenarios" time="1.462"/>
</testsuite> <!-- Default test -->
