<?xml version="1.0" encoding="UTF-8"?>
<!-- Generated by org.testng.reporters.JUnitXMLReporter -->
<testsuite ignored="0" hostname="Harikrishna" failures="1" tests="21" name="BookerAPITest" time="23.004" errors="0" timestamp="2025-02-20T23:02:28 IST">
  <testcase classname="api.test.BookerPositiveTests" name="testCreateBooking" time="6.439"/>
  <testcase classname="api.test.BookerPositiveTests" name="validateAddItemStatusCode" time="0.001"/>
  <testcase classname="api.test.BookerPositiveTests" name="validateAddItemResponseTime" time="0.029">
    <failure type="java.lang.AssertionError" message="Response time is too high! expected [true] but found [false]">
      <![CDATA[java.lang.AssertionError: Response time is too high! expected [true] but found [false]
at api.test.BookerPositiveTests.validateAddItemResponseTime(BookerPositiveTests.java:103)
at java.base/java.util.ArrayList.forEach(ArrayList.java:1596)
... Removed 32 stack frames]]>
    </failure>
  </testcase> <!-- validateAddItemResponseTime -->
  <testcase classname="api.test.BookerPositiveTests" name="validateContentTypeHeader" time="0.001"/>
  <testcase classname="api.test.BookerPositiveTests" name="validateResponseBodyFields" time="0.246"/>
  <testcase classname="api.test.BookerPositiveTests" name="validateBookingDatesFormat" time="0.067"/>
  <testcase classname="api.test.BookerPositiveTests" name="testGetBooking" time="1.794"/>
  <testcase classname="api.test.BookerPositiveTests" name="validateReadItemStatusCode" time="0.001"/>
  <testcase classname="api.test.BookerPositiveTests" name="validateReadItemResponseTime" time="0.0"/>
  <testcase classname="api.test.BookerPositiveTests" name="validatereadContentType" time="0.001"/>
  <testcase classname="api.test.BookerPositiveTests" name="validatereadItesmBookingFields" time="0.086"/>
  <testcase classname="api.test.BookerPositiveTests" name="validatereadItemDateFormat" time="0.036"/>
  <testcase classname="api.test.BookerNegativeTests" name="validatetestMissingFirstname" time="1.439"/>
  <testcase classname="api.test.BookerNegativeTests" name="validatetestInvalidPriceDataType" time="1.431"/>
  <testcase classname="api.test.BookerNegativeTests" name="validatetestInvalidDateFormat" time="1.425"/>
  <testcase classname="api.test.BookerNegativeTests" name="validatetestMissingBookingDates" time="1.431"/>
  <testcase classname="api.test.BookerNegativeTests" name="validatetestGetBookingWithInvalidId" time="1.538"/>
  <testcase classname="api.test.BookerNegativeTests" name="validatetestRequestWithoutContentType" time="1.449"/>
  <testcase classname="api.test.BookerNegativeTests1" name="validatetestNegativeScenarios" time="1.48"/>
  <testcase classname="api.test.BookerNegativeTests1" name="validatetestNegativeScenarios" time="1.38"/>
  <testcase classname="api.test.BookerNegativeTests1" name="validatetestNegativeScenarios" time="1.622"/>
</testsuite> <!-- BookerAPITest -->
