<?xml version="1.0" encoding="UTF-8"?>
<!-- Generated by org.testng.reporters.JUnitXMLReporter -->
<testsuite ignored="0" hostname="Harikrishna" failures="0" tests="21" name="BookerAPITest" time="19.693" errors="0" timestamp="2025-02-20T23:59:04 IST">
  <testcase classname="api.test.BookerPositiveTests" name="testCreateBooking" time="3.942"/>
  <testcase classname="api.test.BookerPositiveTests" name="validateAddItemStatusCode" time="0.001"/>
  <testcase classname="api.test.BookerPositiveTests" name="validateAddItemResponseTime" time="0.002"/>
  <testcase classname="api.test.BookerPositiveTests" name="validateContentTypeHeader" time="0.001"/>
  <testcase classname="api.test.BookerPositiveTests" name="validateResponseBodyFields" time="0.116"/>
  <testcase classname="api.test.BookerPositiveTests" name="validateBookingDatesFormat" time="0.031"/>
  <testcase classname="api.test.BookerPositiveTests" name="testGetBooking" time="1.448"/>
  <testcase classname="api.test.BookerPositiveTests" name="validateReadItemStatusCode" time="0.001"/>
  <testcase classname="api.test.BookerPositiveTests" name="validateReadItemResponseTime" time="0.0"/>
  <testcase classname="api.test.BookerPositiveTests" name="validatereadContentType" time="0.001"/>
  <testcase classname="api.test.BookerPositiveTests" name="validatereadItesmBookingFields" time="0.046"/>
  <testcase classname="api.test.BookerPositiveTests" name="validatereadItemDateFormat" time="0.02"/>
  <testcase classname="api.test.BookerNegativeTests" name="validatetestMissingFirstname" time="1.459"/>
  <testcase classname="api.test.BookerNegativeTests" name="validatetestInvalidPriceDataType" time="1.325"/>
  <testcase classname="api.test.BookerNegativeTests" name="validatetestInvalidDateFormat" time="1.48"/>
  <testcase classname="api.test.BookerNegativeTests" name="validatetestMissingBookingDates" time="1.39"/>
  <testcase classname="api.test.BookerNegativeTests" name="validatetestGetBookingWithInvalidId" time="1.504"/>
  <testcase classname="api.test.BookerNegativeTests" name="validatetestRequestWithoutContentType" time="1.39"/>
  <testcase classname="api.test.BookerNegativeTests1" name="validatetestNegativeScenarios" time="1.428"/>
  <testcase classname="api.test.BookerNegativeTests1" name="validatetestNegativeScenarios" time="1.551"/>
  <testcase classname="api.test.BookerNegativeTests1" name="validatetestNegativeScenarios" time="1.468"/>
</testsuite> <!-- BookerAPITest -->
