<?xml version="1.0" encoding="UTF-8"?>
<!-- Generated by org.testng.reporters.JUnitXMLReporter -->
<testsuite ignored="0" hostname="Harikrishna" failures="0" tests="21" name="BookerAPITest" time="22.74" errors="0" timestamp="2025-02-20T21:58:52 IST">
  <testcase classname="api.test.BookerPositiveTests" name="testCreateBooking" time="5.218"/>
  <testcase classname="api.test.BookerPositiveTests" name="validateAddItemStatusCode" time="0.002"/>
  <testcase classname="api.test.BookerPositiveTests" name="validateAddItemResponseTime" time="0.004"/>
  <testcase classname="api.test.BookerPositiveTests" name="validateContentTypeHeader" time="0.002"/>
  <testcase classname="api.test.BookerPositiveTests" name="validateResponseBodyFields" time="0.173"/>
  <testcase classname="api.test.BookerPositiveTests" name="validateBookingDatesFormat" time="0.033"/>
  <testcase classname="api.test.BookerPositiveTests" name="testGetBooking" time="1.34"/>
  <testcase classname="api.test.BookerPositiveTests" name="validateReadItemStatusCode" time="0.0"/>
  <testcase classname="api.test.BookerPositiveTests" name="validateReadItemResponseTime" time="0.0"/>
  <testcase classname="api.test.BookerPositiveTests" name="validatereadContentType" time="0.001"/>
  <testcase classname="api.test.BookerPositiveTests" name="validatereadItesmBookingFields" time="0.061"/>
  <testcase classname="api.test.BookerPositiveTests" name="validatereadItemDateFormat" time="0.045"/>
  <testcase classname="api.test.BookerNegativeTests" name="validatetestMissingFirstname" time="1.959"/>
  <testcase classname="api.test.BookerNegativeTests" name="validatetestInvalidPriceDataType" time="1.689"/>
  <testcase classname="api.test.BookerNegativeTests" name="validatetestInvalidDateFormat" time="1.488"/>
  <testcase classname="api.test.BookerNegativeTests" name="validatetestMissingBookingDates" time="1.379"/>
  <testcase classname="api.test.BookerNegativeTests" name="validatetestGetBookingWithInvalidId" time="1.52"/>
  <testcase classname="api.test.BookerNegativeTests" name="validatetestRequestWithoutContentType" time="1.521"/>
  <testcase classname="api.test.BookerNegativeTests1" name="validatetestNegativeScenarios" time="1.421"/>
  <testcase classname="api.test.BookerNegativeTests1" name="validatetestNegativeScenarios" time="1.392"/>
  <testcase classname="api.test.BookerNegativeTests1" name="validatetestNegativeScenarios" time="1.391"/>
</testsuite> <!-- BookerAPITest -->
