<?xml version="1.0" encoding="UTF-8"?>
<testsuite xmlns:xsi="http://www.w3.org/2001/XMLSchema-instance" xsi:noNamespaceSchemaLocation="https://maven.apache.org/surefire/maven-surefire-plugin/xsd/surefire-test-report-3.0.xsd" version="3.0" name="TestSuite" time="21.455" tests="21" errors="0" skipped="0" failures="0">
  <properties>
[...]
</properties>
  <testcase name="testCreateBooking" classname="api.test.BookerPositiveTests" time="3.956">
    <system-out><![CDATA[2025-02-20 23:58:44 [main] DEBUG TestNG - suiteXmlPath: "C:\Users\kandr\eclipse-workspace2\API_Assignment_Dicetek_Intigral_Harikrishna_Kandra\testng.xml"
2025-02-20 23:58:45 [main] DEBUG BookerPositiveTests - ********** Test Execution Started **********
2025-02-20 23:58:45 [main] DEBUG BookerPositiveTests - Executing Test: testCreateBooking
2025-02-20 23:58:45 [main] INFO  BookerPositiveTests - *********** Creating Booking Item *************
HTTP/1.1 200 OK
Server: Cowboy
Report-To: {"group":"heroku-nel","max_age":3600,"endpoints":[{"url":"https://nel.heroku.com/reports?ts=1740076129&sid=c46efe9b-d3d2-4a0c-8c76-bfafa16c5add&s=aySzOrBnnvRfFg897xwTV5UxH%2FUHJTIVOS06T3w%2BsUo%3D"}]}
Reporting-Endpoints: heroku-nel=https://nel.heroku.com/reports?ts=1740076129&sid=c46efe9b-d3d2-4a0c-8c76-bfafa16c5add&s=aySzOrBnnvRfFg897xwTV5UxH%2FUHJTIVOS06T3w%2BsUo%3D
Nel: {"report_to":"heroku-nel","max_age":3600,"success_fraction":0.005,"failure_fraction":0.05,"response_headers":["Via"]}
Connection: keep-alive
X-Powered-By: Express
Content-Type: application/json; charset=utf-8
Content-Length: 210
Etag: W/"d2-YPVAU+bJOkjq/ix/rbDmqFXfIRM"
Date: Thu, 20 Feb 2025 18:28:49 GMT
Via: 1.1 vegur

{
    "bookingid": 3941,
    "booking": {
        "firstname": "Peggie",
        "lastname": "Nicolas",
        "totalprice": 282,
        "depositpaid": true,
        "bookingdates": {
            "checkin": "2022-01-01",
            "checkout": "2024-01-01"
        },
        "additionalneeds": "Philadelphia Maki"
    }
}
2025-02-20 23:58:49 [main] DEBUG BookerPositiveTests - Booking created successfully. Booking ID: 3941
]]></system-out>
  </testcase>
  <testcase name="validateAddItemStatusCode" classname="api.test.BookerPositiveTests" time="0.001"/>
  <testcase name="validateAddItemResponseTime" classname="api.test.BookerPositiveTests" time="0.004"/>
  <testcase name="validateContentTypeHeader" classname="api.test.BookerPositiveTests" time="0.002"/>
  <testcase name="validateResponseBodyFields" classname="api.test.BookerPositiveTests" time="0.116"/>
  <testcase name="validateBookingDatesFormat" classname="api.test.BookerPositiveTests" time="0.03"/>
  <testcase name="testGetBooking" classname="api.test.BookerPositiveTests" time="1.447">
    <system-out><![CDATA[2025-02-20 23:58:50 [main] DEBUG BookerPositiveTests - ==== Starting test: Get Booking Details ====
HTTP/1.1 200 OK
Server: Cowboy
Report-To: {"group":"heroku-nel","max_age":3600,"endpoints":[{"url":"https://nel.heroku.com/reports?ts=1740076132&sid=c46efe9b-d3d2-4a0c-8c76-bfafa16c5add&s=nRcZ39y09WdNVbD8cKbkdt8BVOsxHt%2FIiuEN2av9XDs%3D"}]}
Reporting-Endpoints: heroku-nel=https://nel.heroku.com/reports?ts=1740076132&sid=c46efe9b-d3d2-4a0c-8c76-bfafa16c5add&s=nRcZ39y09WdNVbD8cKbkdt8BVOsxHt%2FIiuEN2av9XDs%3D
Nel: {"report_to":"heroku-nel","max_age":3600,"success_fraction":0.005,"failure_fraction":0.05,"response_headers":["Via"]}
Connection: keep-alive
X-Powered-By: Express
Content-Type: application/json; charset=utf-8
Content-Length: 181
Etag: W/"b5-+2jW4weL4xluakH6afqySFjgemI"
Date: Thu, 20 Feb 2025 18:28:52 GMT
Via: 1.1 vegur

{
    "firstname": "Peggie",
    "lastname": "Nicolas",
    "totalprice": 282,
    "depositpaid": true,
    "bookingdates": {
        "checkin": "2022-01-01",
        "checkout": "2024-01-01"
    },
    "additionalneeds": "Philadelphia Maki"
}
2025-02-20 23:58:51 [main] DEBUG BookerPositiveTests - Booking details retrieved successfully for Booking ID: 3941
]]></system-out>
  </testcase>
  <testcase name="validateReadItemStatusCode" classname="api.test.BookerPositiveTests" time="0.002"/>
  <testcase name="validateReadItemResponseTime" classname="api.test.BookerPositiveTests" time="0.001"/>
  <testcase name="validatereadContentType" classname="api.test.BookerPositiveTests" time="0.001"/>
  <testcase name="validatereadItesmBookingFields" classname="api.test.BookerPositiveTests" time="0.047"/>
  <testcase name="validatereadItemDateFormat" classname="api.test.BookerPositiveTests" time="0.021"/>
  <testcase name="validatetestMissingFirstname" classname="api.test.BookerNegativeTests" time="1.461">
    <system-out><![CDATA[HTTP/1.1 500 Internal Server Error
Server: Cowboy
Report-To: {"group":"heroku-nel","max_age":3600,"endpoints":[{"url":"https://nel.heroku.com/reports?ts=1740076133&sid=c46efe9b-d3d2-4a0c-8c76-bfafa16c5add&s=uXhSgCggBEvC73jegUCVe3guAOHVwQvY5DrwSFMujTY%3D"}]}
Reporting-Endpoints: heroku-nel=https://nel.heroku.com/reports?ts=1740076133&sid=c46efe9b-d3d2-4a0c-8c76-bfafa16c5add&s=uXhSgCggBEvC73jegUCVe3guAOHVwQvY5DrwSFMujTY%3D
Nel: {"report_to":"heroku-nel","max_age":3600,"success_fraction":0.005,"failure_fraction":0.05,"response_headers":["Via"]}
Connection: keep-alive
X-Powered-By: Express
Content-Type: text/plain; charset=utf-8
Content-Length: 21
Etag: W/"15-/6VXivhc2MKdLfIkLcUE47K6aH0"
Date: Thu, 20 Feb 2025 18:28:53 GMT
Via: 1.1 vegur

Internal Server Error
]]></system-out>
  </testcase>
  <testcase name="validatetestInvalidPriceDataType" classname="api.test.BookerNegativeTests" time="1.326">
    <system-out><![CDATA[HTTP/1.1 200 OK
Server: Cowboy
Report-To: {"group":"heroku-nel","max_age":3600,"endpoints":[{"url":"https://nel.heroku.com/reports?ts=1740076135&sid=c46efe9b-d3d2-4a0c-8c76-bfafa16c5add&s=ev8A3V089f0N%2Bqkl9BBzAz7ENMLN26kd37rV3PUZKm8%3D"}]}
Reporting-Endpoints: heroku-nel=https://nel.heroku.com/reports?ts=1740076135&sid=c46efe9b-d3d2-4a0c-8c76-bfafa16c5add&s=ev8A3V089f0N%2Bqkl9BBzAz7ENMLN26kd37rV3PUZKm8%3D
Nel: {"report_to":"heroku-nel","max_age":3600,"success_fraction":0.005,"failure_fraction":0.05,"response_headers":["Via"]}
Connection: keep-alive
X-Powered-By: Express
Content-Type: application/json; charset=utf-8
Content-Length: 193
Etag: W/"c1-at1tus7eVMQlU6eZTPiDmq4wHCo"
Date: Thu, 20 Feb 2025 18:28:55 GMT
Via: 1.1 vegur

{
    "bookingid": 3976,
    "booking": {
        "firstname": "John",
        "lastname": "Doe",
        "totalprice": null,
        "depositpaid": true,
        "bookingdates": {
            "checkin": "2023-01-01",
            "checkout": "2023-01-10"
        },
        "additionalneeds": "Lunch"
    }
}
]]></system-out>
  </testcase>
  <testcase name="validatetestInvalidDateFormat" classname="api.test.BookerNegativeTests" time="1.483">
    <system-out><![CDATA[HTTP/1.1 200 OK
Server: Cowboy
Report-To: {"group":"heroku-nel","max_age":3600,"endpoints":[{"url":"https://nel.heroku.com/reports?ts=1740076136&sid=c46efe9b-d3d2-4a0c-8c76-bfafa16c5add&s=H1knM8omdKX8Iv5CFa5FkUywQf%2FuzdkjT%2Bn9adPPI18%3D"}]}
Reporting-Endpoints: heroku-nel=https://nel.heroku.com/reports?ts=1740076136&sid=c46efe9b-d3d2-4a0c-8c76-bfafa16c5add&s=H1knM8omdKX8Iv5CFa5FkUywQf%2FuzdkjT%2Bn9adPPI18%3D
Nel: {"report_to":"heroku-nel","max_age":3600,"success_fraction":0.005,"failure_fraction":0.05,"response_headers":["Via"]}
Connection: keep-alive
X-Powered-By: Express
Content-Type: application/json; charset=utf-8
Content-Length: 193
Etag: W/"c1-zLuoeZM8VmJt7uho//AXQFTB41Y"
Date: Thu, 20 Feb 2025 18:28:56 GMT
Via: 1.1 vegur

{
    "bookingid": 3989,
    "booking": {
        "firstname": "John",
        "lastname": "Doe",
        "totalprice": 150,
        "depositpaid": true,
        "bookingdates": {
            "checkin": "2023-01-01",
            "checkout": "2023-01-10"
        },
        "additionalneeds": "Dinner"
    }
}
]]></system-out>
  </testcase>
  <testcase name="validatetestMissingBookingDates" classname="api.test.BookerNegativeTests" time="1.388">
    <system-out><![CDATA[HTTP/1.1 500 Internal Server Error
Server: Cowboy
Report-To: {"group":"heroku-nel","max_age":3600,"endpoints":[{"url":"https://nel.heroku.com/reports?ts=1740076138&sid=c46efe9b-d3d2-4a0c-8c76-bfafa16c5add&s=QBxPhkfRhHrvc9c20Sikk%2Fp82yAOADGxZSSQ7zGsvTg%3D"}]}
Reporting-Endpoints: heroku-nel=https://nel.heroku.com/reports?ts=1740076138&sid=c46efe9b-d3d2-4a0c-8c76-bfafa16c5add&s=QBxPhkfRhHrvc9c20Sikk%2Fp82yAOADGxZSSQ7zGsvTg%3D
Nel: {"report_to":"heroku-nel","max_age":3600,"success_fraction":0.005,"failure_fraction":0.05,"response_headers":["Via"]}
Connection: keep-alive
X-Powered-By: Express
Content-Type: text/plain; charset=utf-8
Content-Length: 21
Etag: W/"15-/6VXivhc2MKdLfIkLcUE47K6aH0"
Date: Thu, 20 Feb 2025 18:28:58 GMT
Via: 1.1 vegur

Internal Server Error
]]></system-out>
  </testcase>
  <testcase name="validatetestGetBookingWithInvalidId" classname="api.test.BookerNegativeTests" time="1.507">
    <system-out><![CDATA[HTTP/1.1 404 Not Found
Server: Cowboy
Report-To: {"group":"heroku-nel","max_age":3600,"endpoints":[{"url":"https://nel.heroku.com/reports?ts=1740076139&sid=c46efe9b-d3d2-4a0c-8c76-bfafa16c5add&s=YwoBrsdQlXzNDnBwOd%2BM8tNZlMU6%2FYUPxIULUai4wKA%3D"}]}
Reporting-Endpoints: heroku-nel=https://nel.heroku.com/reports?ts=1740076139&sid=c46efe9b-d3d2-4a0c-8c76-bfafa16c5add&s=YwoBrsdQlXzNDnBwOd%2BM8tNZlMU6%2FYUPxIULUai4wKA%3D
Nel: {"report_to":"heroku-nel","max_age":3600,"success_fraction":0.005,"failure_fraction":0.05,"response_headers":["Via"]}
Connection: keep-alive
X-Powered-By: Express
Content-Type: text/plain; charset=utf-8
Content-Length: 9
Etag: W/"9-0gXL1ngzMqISxa6S1zx3F4wtLyg"
Date: Thu, 20 Feb 2025 18:28:59 GMT
Via: 1.1 vegur

Not Found
HTTP/1.1 404 Not Found
Server: Cowboy
Report-To: {"group":"heroku-nel","max_age":3600,"endpoints":[{"url":"https://nel.heroku.com/reports?ts=1740076139&sid=c46efe9b-d3d2-4a0c-8c76-bfafa16c5add&s=YwoBrsdQlXzNDnBwOd%2BM8tNZlMU6%2FYUPxIULUai4wKA%3D"}]}
Reporting-Endpoints: heroku-nel=https://nel.heroku.com/reports?ts=1740076139&sid=c46efe9b-d3d2-4a0c-8c76-bfafa16c5add&s=YwoBrsdQlXzNDnBwOd%2BM8tNZlMU6%2FYUPxIULUai4wKA%3D
Nel: {"report_to":"heroku-nel","max_age":3600,"success_fraction":0.005,"failure_fraction":0.05,"response_headers":["Via"]}
Connection: keep-alive
X-Powered-By: Express
Content-Type: text/plain; charset=utf-8
Content-Length: 9
Etag: W/"9-0gXL1ngzMqISxa6S1zx3F4wtLyg"
Date: Thu, 20 Feb 2025 18:28:59 GMT
Via: 1.1 vegur

Not Found
]]></system-out>
  </testcase>
  <testcase name="validatetestRequestWithoutContentType" classname="api.test.BookerNegativeTests" time="1.39">
    <system-out><![CDATA[HTTP/1.1 200 OK
Server: Cowboy
Report-To: {"group":"heroku-nel","max_age":3600,"endpoints":[{"url":"https://nel.heroku.com/reports?ts=1740076140&sid=c46efe9b-d3d2-4a0c-8c76-bfafa16c5add&s=ZiJlEK7K7hDUhUSqCthtVcEtUBwDGV8mGLtsYqAkNpQ%3D"}]}
Reporting-Endpoints: heroku-nel=https://nel.heroku.com/reports?ts=1740076140&sid=c46efe9b-d3d2-4a0c-8c76-bfafa16c5add&s=ZiJlEK7K7hDUhUSqCthtVcEtUBwDGV8mGLtsYqAkNpQ%3D
Nel: {"report_to":"heroku-nel","max_age":3600,"success_fraction":0.005,"failure_fraction":0.05,"response_headers":["Via"]}
Connection: keep-alive
X-Powered-By: Express
Content-Type: application/json; charset=utf-8
Content-Length: 190
Etag: W/"be-ADkvNyytqR5rS5wHfDWwPhPGS5s"
Date: Thu, 20 Feb 2025 18:29:00 GMT
Via: 1.1 vegur

{
    "bookingid": 4024,
    "booking": {
        "firstname": "John",
        "lastname": "Doe",
        "totalprice": 300,
        "depositpaid": true,
        "bookingdates": {
            "checkin": "2023-01-01",
            "checkout": "2023-01-10"
        },
        "additionalneeds": "Gym"
    }
}
]]></system-out>
  </testcase>
  <testcase name="validatetestNegativeScenarios[missingFirstname, , Doe, 100, true, 2023-01-01, 2023-01-10](1)" classname="api.test.BookerNegativeTests1" time="1.427">
    <system-out><![CDATA[2025-02-20 23:59:00 [main] DEBUG BookerNegativeTests1 - Starting API Negative Tests...
2025-02-20 23:59:00 [main] DEBUG BookerNegativeTests1 - Executing test case: missingFirstname
HTTP/1.1 200 OK
Server: Cowboy
Report-To: {"group":"heroku-nel","max_age":3600,"endpoints":[{"url":"https://nel.heroku.com/reports?ts=1740076142&sid=c46efe9b-d3d2-4a0c-8c76-bfafa16c5add&s=DUgOi7EAFzi0ouPGwJsOAt3zaA6RLxk1V9TPJfeVDdI%3D"}]}
Reporting-Endpoints: heroku-nel=https://nel.heroku.com/reports?ts=1740076142&sid=c46efe9b-d3d2-4a0c-8c76-bfafa16c5add&s=DUgOi7EAFzi0ouPGwJsOAt3zaA6RLxk1V9TPJfeVDdI%3D
Nel: {"report_to":"heroku-nel","max_age":3600,"success_fraction":0.005,"failure_fraction":0.05,"response_headers":["Via"]}
Connection: keep-alive
X-Powered-By: Express
Content-Type: application/json; charset=utf-8
Content-Length: 187
Etag: W/"bb-+Ci2wxRXfCUCzYZ9aEq7E302c5U"
Date: Thu, 20 Feb 2025 18:29:02 GMT
Via: 1.1 vegur

{
    "bookingid": 4034,
    "booking": {
        "firstname": "",
        "lastname": "Doe",
        "totalprice": 100,
        "depositpaid": true,
        "bookingdates": {
            "checkin": "2023-01-01",
            "checkout": "2023-01-10"
        },
        "additionalneeds": "None"
    }
}
]]></system-out>
  </testcase>
  <testcase name="validatetestNegativeScenarios[invalidPrice, John, Doe, invalid, true, 2023-01-01, 2023-01-10](2)" classname="api.test.BookerNegativeTests1" time="1.554">
    <system-out><![CDATA[2025-02-20 23:59:01 [main] DEBUG BookerNegativeTests1 - Executing test case: invalidPrice
HTTP/1.1 200 OK
Server: Cowboy
Report-To: {"group":"heroku-nel","max_age":3600,"endpoints":[{"url":"https://nel.heroku.com/reports?ts=1740076143&sid=c46efe9b-d3d2-4a0c-8c76-bfafa16c5add&s=ucgnIig%2B3ZIn0JxILPUu6C1tvKLvwdjNXC8mtq0RLi8%3D"}]}
Reporting-Endpoints: heroku-nel=https://nel.heroku.com/reports?ts=1740076143&sid=c46efe9b-d3d2-4a0c-8c76-bfafa16c5add&s=ucgnIig%2B3ZIn0JxILPUu6C1tvKLvwdjNXC8mtq0RLi8%3D
Nel: {"report_to":"heroku-nel","max_age":3600,"success_fraction":0.005,"failure_fraction":0.05,"response_headers":["Via"]}
Connection: keep-alive
X-Powered-By: Express
Content-Type: application/json; charset=utf-8
Content-Length: 192
Etag: W/"c0-qjMmnQJlcURNAf2BCipbi9OiErI"
Date: Thu, 20 Feb 2025 18:29:03 GMT
Via: 1.1 vegur

{
    "bookingid": 4046,
    "booking": {
        "firstname": "John",
        "lastname": "Doe",
        "totalprice": null,
        "depositpaid": true,
        "bookingdates": {
            "checkin": "2023-01-01",
            "checkout": "2023-01-10"
        },
        "additionalneeds": "None"
    }
}
]]></system-out>
  </testcase>
  <testcase name="validatetestNegativeScenarios[invalidCheckinFormat, John, Doe, 100, true, 01-01-2023, 2023-01-10](3)" classname="api.test.BookerNegativeTests1" time="1.468">
    <system-out><![CDATA[2025-02-20 23:59:03 [main] DEBUG BookerNegativeTests1 - Executing test case: invalidCheckinFormat
HTTP/1.1 200 OK
Server: Cowboy
Report-To: {"group":"heroku-nel","max_age":3600,"endpoints":[{"url":"https://nel.heroku.com/reports?ts=1740076145&sid=c46efe9b-d3d2-4a0c-8c76-bfafa16c5add&s=X7PaK2OvNcrnXGO%2BIpCmTyTv27sVrXV6rrrQtCpdYTQ%3D"}]}
Reporting-Endpoints: heroku-nel=https://nel.heroku.com/reports?ts=1740076145&sid=c46efe9b-d3d2-4a0c-8c76-bfafa16c5add&s=X7PaK2OvNcrnXGO%2BIpCmTyTv27sVrXV6rrrQtCpdYTQ%3D
Nel: {"report_to":"heroku-nel","max_age":3600,"success_fraction":0.005,"failure_fraction":0.05,"response_headers":["Via"]}
Connection: keep-alive
X-Powered-By: Express
Content-Type: application/json; charset=utf-8
Content-Length: 191
Etag: W/"bf-fp2vMXUgNB6c1BPhnbaSACZ7NOQ"
Date: Thu, 20 Feb 2025 18:29:05 GMT
Via: 1.1 vegur

{
    "bookingid": 4068,
    "booking": {
        "firstname": "John",
        "lastname": "Doe",
        "totalprice": 100,
        "depositpaid": true,
        "bookingdates": {
            "checkin": "2023-01-01",
            "checkout": "2023-01-10"
        },
        "additionalneeds": "None"
    }
}
]]></system-out>
  </testcase>
</testsuite>