<?xml version="1.0" encoding="UTF-8"?>
<testng-results ignored="0" total="21" passed="21" failed="0" skipped="0">
  <reporter-output>
  </reporter-output>
  <suite started-at="2025-02-20T23:58:44 IST" name="BookerAPISuite" finished-at="2025-02-20T23:59:04 IST" duration-ms="19693">
    <groups>
    </groups>
    <test started-at="2025-02-20T23:58:44 IST" name="BookerAPITest" finished-at="2025-02-20T23:59:04 IST" duration-ms="19693">
      <class name="api.test.BookerNegativeTests">
        <test-method signature="validatetestMissingFirstname()[pri:1, instance:api.test.BookerNegativeTests@28276e50]" started-at="2025-02-20T23:58:51 IST" name="validatetestMissingFirstname" finished-at="2025-02-20T23:58:53 IST" duration-ms="1459" status="PASS">
          <reporter-output>
          </reporter-output>
        </test-method> <!-- validatetestMissingFirstname -->
        <test-method signature="validatetestInvalidPriceDataType()[pri:2, instance:api.test.BookerNegativeTests@28276e50]" started-at="2025-02-20T23:58:53 IST" name="validatetestInvalidPriceDataType" finished-at="2025-02-20T23:58:54 IST" duration-ms="1325" status="PASS">
          <reporter-output>
          </reporter-output>
        </test-method> <!-- validatetestInvalidPriceDataType -->
        <test-method signature="validatetestInvalidDateFormat()[pri:3, instance:api.test.BookerNegativeTests@28276e50]" started-at="2025-02-20T23:58:54 IST" name="validatetestInvalidDateFormat" finished-at="2025-02-20T23:58:55 IST" duration-ms="1480" status="PASS">
          <reporter-output>
          </reporter-output>
        </test-method> <!-- validatetestInvalidDateFormat -->
        <test-method signature="validatetestMissingBookingDates()[pri:4, instance:api.test.BookerNegativeTests@28276e50]" started-at="2025-02-20T23:58:55 IST" name="validatetestMissingBookingDates" finished-at="2025-02-20T23:58:57 IST" duration-ms="1390" status="PASS">
          <reporter-output>
          </reporter-output>
        </test-method> <!-- validatetestMissingBookingDates -->
        <test-method signature="validatetestGetBookingWithInvalidId()[pri:5, instance:api.test.BookerNegativeTests@28276e50]" started-at="2025-02-20T23:58:57 IST" name="validatetestGetBookingWithInvalidId" finished-at="2025-02-20T23:58:58 IST" duration-ms="1504" status="PASS">
          <reporter-output>
          </reporter-output>
        </test-method> <!-- validatetestGetBookingWithInvalidId -->
        <test-method signature="validatetestRequestWithoutContentType()[pri:6, instance:api.test.BookerNegativeTests@28276e50]" started-at="2025-02-20T23:58:58 IST" name="validatetestRequestWithoutContentType" finished-at="2025-02-20T23:59:00 IST" duration-ms="1390" status="PASS">
          <reporter-output>
          </reporter-output>
        </test-method> <!-- validatetestRequestWithoutContentType -->
      </class> <!-- api.test.BookerNegativeTests -->
      <class name="api.test.BookerNegativeTests1">
        <test-method is-config="true" signature="setup()[pri:0, instance:api.test.BookerNegativeTests1@62e70ea3]" started-at="2025-02-20T23:59:00 IST" name="setup" finished-at="2025-02-20T23:59:00 IST" duration-ms="0" status="PASS">
          <reporter-output>
          </reporter-output>
        </test-method> <!-- setup -->
        <test-method signature="validatetestNegativeScenarios(java.lang.String,java.lang.String,java.lang.String,java.lang.Object,boolean,java.lang.String,java.lang.String)[pri:1, instance:api.test.BookerNegativeTests1@62e70ea3]" started-at="2025-02-20T23:59:00 IST" name="validatetestNegativeScenarios" data-provider="negativeTestCases" finished-at="2025-02-20T23:59:01 IST" duration-ms="1428" status="PASS">
          <params>
            <param index="0">
              <value>
                <![CDATA[missingFirstname]]>
              </value>
            </param>
            <param index="1">
              <value>
                <![CDATA[]]>
              </value>
            </param>
            <param index="2">
              <value>
                <![CDATA[Doe]]>
              </value>
            </param>
            <param index="3">
              <value>
                <![CDATA[100]]>
              </value>
            </param>
            <param index="4">
              <value>
                <![CDATA[true]]>
              </value>
            </param>
            <param index="5">
              <value>
                <![CDATA[2023-01-01]]>
              </value>
            </param>
            <param index="6">
              <value>
                <![CDATA[2023-01-10]]>
              </value>
            </param>
          </params>
          <reporter-output>
          </reporter-output>
        </test-method> <!-- validatetestNegativeScenarios -->
        <test-method signature="validatetestNegativeScenarios(java.lang.String,java.lang.String,java.lang.String,java.lang.Object,boolean,java.lang.String,java.lang.String)[pri:1, instance:api.test.BookerNegativeTests1@62e70ea3]" started-at="2025-02-20T23:59:01 IST" name="validatetestNegativeScenarios" data-provider="negativeTestCases" finished-at="2025-02-20T23:59:03 IST" duration-ms="1551" status="PASS">
          <params>
            <param index="0">
              <value>
                <![CDATA[invalidPrice]]>
              </value>
            </param>
            <param index="1">
              <value>
                <![CDATA[John]]>
              </value>
            </param>
            <param index="2">
              <value>
                <![CDATA[Doe]]>
              </value>
            </param>
            <param index="3">
              <value>
                <![CDATA[invalid]]>
              </value>
            </param>
            <param index="4">
              <value>
                <![CDATA[true]]>
              </value>
            </param>
            <param index="5">
              <value>
                <![CDATA[2023-01-01]]>
              </value>
            </param>
            <param index="6">
              <value>
                <![CDATA[2023-01-10]]>
              </value>
            </param>
          </params>
          <reporter-output>
          </reporter-output>
        </test-method> <!-- validatetestNegativeScenarios -->
        <test-method signature="validatetestNegativeScenarios(java.lang.String,java.lang.String,java.lang.String,java.lang.Object,boolean,java.lang.String,java.lang.String)[pri:1, instance:api.test.BookerNegativeTests1@62e70ea3]" started-at="2025-02-20T23:59:03 IST" name="validatetestNegativeScenarios" data-provider="negativeTestCases" finished-at="2025-02-20T23:59:04 IST" duration-ms="1468" status="PASS">
          <params>
            <param index="0">
              <value>
                <![CDATA[invalidCheckinFormat]]>
              </value>
            </param>
            <param index="1">
              <value>
                <![CDATA[John]]>
              </value>
            </param>
            <param index="2">
              <value>
                <![CDATA[Doe]]>
              </value>
            </param>
            <param index="3">
              <value>
                <![CDATA[100]]>
              </value>
            </param>
            <param index="4">
              <value>
                <![CDATA[true]]>
              </value>
            </param>
            <param index="5">
              <value>
                <![CDATA[01-01-2023]]>
              </value>
            </param>
            <param index="6">
              <value>
                <![CDATA[2023-01-10]]>
              </value>
            </param>
          </params>
          <reporter-output>
          </reporter-output>
        </test-method> <!-- validatetestNegativeScenarios -->
      </class> <!-- api.test.BookerNegativeTests1 -->
      <class name="api.test.BookerPositiveTests">
        <test-method is-config="true" signature="setUp()[pri:0, instance:api.test.BookerPositiveTests@132ddbab]" started-at="2025-02-20T23:58:45 IST" name="setUp" finished-at="2025-02-20T23:58:45 IST" duration-ms="647" status="PASS">
          <reporter-output>
          </reporter-output>
        </test-method> <!-- setUp -->
        <test-method signature="testCreateBooking()[pri:1, instance:api.test.BookerPositiveTests@132ddbab]" started-at="2025-02-20T23:58:45 IST" name="testCreateBooking" finished-at="2025-02-20T23:58:49 IST" duration-ms="3942" status="PASS">
          <reporter-output>
          </reporter-output>
        </test-method> <!-- testCreateBooking -->
        <test-method signature="validateAddItemStatusCode()[pri:2, instance:api.test.BookerPositiveTests@132ddbab]" started-at="2025-02-20T23:58:49 IST" name="validateAddItemStatusCode" finished-at="2025-02-20T23:58:49 IST" depends-on-methods="api.test.BookerPositiveTests.testCreateBooking" duration-ms="1" status="PASS">
          <reporter-output>
          </reporter-output>
        </test-method> <!-- validateAddItemStatusCode -->
        <test-method signature="validateAddItemResponseTime()[pri:3, instance:api.test.BookerPositiveTests@132ddbab]" started-at="2025-02-20T23:58:49 IST" name="validateAddItemResponseTime" finished-at="2025-02-20T23:58:49 IST" depends-on-methods="api.test.BookerPositiveTests.testCreateBooking" duration-ms="2" status="PASS">
          <reporter-output>
          </reporter-output>
        </test-method> <!-- validateAddItemResponseTime -->
        <test-method signature="validateContentTypeHeader()[pri:4, instance:api.test.BookerPositiveTests@132ddbab]" started-at="2025-02-20T23:58:49 IST" name="validateContentTypeHeader" finished-at="2025-02-20T23:58:49 IST" depends-on-methods="api.test.BookerPositiveTests.testCreateBooking" duration-ms="1" status="PASS">
          <reporter-output>
          </reporter-output>
        </test-method> <!-- validateContentTypeHeader -->
        <test-method signature="validateResponseBodyFields()[pri:5, instance:api.test.BookerPositiveTests@132ddbab]" started-at="2025-02-20T23:58:49 IST" name="validateResponseBodyFields" finished-at="2025-02-20T23:58:50 IST" depends-on-methods="api.test.BookerPositiveTests.testCreateBooking" duration-ms="116" status="PASS">
          <reporter-output>
          </reporter-output>
        </test-method> <!-- validateResponseBodyFields -->
        <test-method signature="validateBookingDatesFormat()[pri:6, instance:api.test.BookerPositiveTests@132ddbab]" started-at="2025-02-20T23:58:50 IST" name="validateBookingDatesFormat" finished-at="2025-02-20T23:58:50 IST" depends-on-methods="api.test.BookerPositiveTests.testCreateBooking" duration-ms="31" status="PASS">
          <reporter-output>
          </reporter-output>
        </test-method> <!-- validateBookingDatesFormat -->
        <test-method signature="testGetBooking()[pri:7, instance:api.test.BookerPositiveTests@132ddbab]" started-at="2025-02-20T23:58:50 IST" name="testGetBooking" finished-at="2025-02-20T23:58:51 IST" depends-on-methods="api.test.BookerPositiveTests.testCreateBooking" duration-ms="1448" status="PASS">
          <reporter-output>
          </reporter-output>
        </test-method> <!-- testGetBooking -->
        <test-method signature="validateReadItemStatusCode()[pri:8, instance:api.test.BookerPositiveTests@132ddbab]" started-at="2025-02-20T23:58:51 IST" name="validateReadItemStatusCode" finished-at="2025-02-20T23:58:51 IST" depends-on-methods="api.test.BookerPositiveTests.testGetBooking" duration-ms="1" status="PASS">
          <reporter-output>
          </reporter-output>
        </test-method> <!-- validateReadItemStatusCode -->
        <test-method signature="validateReadItemResponseTime()[pri:9, instance:api.test.BookerPositiveTests@132ddbab]" started-at="2025-02-20T23:58:51 IST" name="validateReadItemResponseTime" finished-at="2025-02-20T23:58:51 IST" depends-on-methods="api.test.BookerPositiveTests.testGetBooking" duration-ms="0" status="PASS">
          <reporter-output>
          </reporter-output>
        </test-method> <!-- validateReadItemResponseTime -->
        <test-method signature="validatereadContentType()[pri:10, instance:api.test.BookerPositiveTests@132ddbab]" started-at="2025-02-20T23:58:51 IST" name="validatereadContentType" finished-at="2025-02-20T23:58:51 IST" depends-on-methods="api.test.BookerPositiveTests.testGetBooking" duration-ms="1" status="PASS">
          <reporter-output>
          </reporter-output>
        </test-method> <!-- validatereadContentType -->
        <test-method signature="validatereadItesmBookingFields()[pri:11, instance:api.test.BookerPositiveTests@132ddbab]" started-at="2025-02-20T23:58:51 IST" name="validatereadItesmBookingFields" finished-at="2025-02-20T23:58:51 IST" depends-on-methods="api.test.BookerPositiveTests.testGetBooking" duration-ms="46" status="PASS">
          <reporter-output>
          </reporter-output>
        </test-method> <!-- validatereadItesmBookingFields -->
        <test-method signature="validatereadItemDateFormat()[pri:12, instance:api.test.BookerPositiveTests@132ddbab]" started-at="2025-02-20T23:58:51 IST" name="validatereadItemDateFormat" finished-at="2025-02-20T23:58:51 IST" depends-on-methods="api.test.BookerPositiveTests.testGetBooking" duration-ms="20" status="PASS">
          <reporter-output>
          </reporter-output>
        </test-method> <!-- validatereadItemDateFormat -->
      </class> <!-- api.test.BookerPositiveTests -->
    </test> <!-- BookerAPITest -->
  </suite> <!-- BookerAPISuite -->
</testng-results>
